0 info it worked if it ends with ok
1 verbose cli [ '/usr/bin/nodejs',
1 verbose cli   '/usr/bin/npm',
1 verbose cli   'ls',
1 verbose cli   '--depth',
1 verbose cli   '0',
1 verbose cli   '--json' ]
2 info using npm@3.5.2
3 info using node@v4.2.6
4 verbose stack Error: Cannot find module 'ansi'
4 verbose stack     at Function.Module._resolveFilename (module.js:326:15)
4 verbose stack     at Function.Module._load (module.js:277:25)
4 verbose stack     at Module.require (module.js:354:17)
4 verbose stack     at require (internal/module.js:12:17)
4 verbose stack     at Object.<anonymous> (/usr/share/npm/lib/ls.js:15:13)
4 verbose stack     at Module._compile (module.js:410:26)
4 verbose stack     at Object.Module._extensions..js (module.js:417:10)
4 verbose stack     at Module.load (module.js:344:32)
4 verbose stack     at Function.Module._load (module.js:301:12)
4 verbose stack     at Module.require (module.js:354:17)
5 verbose cwd /home/archer/Documents/Bears-Project
6 error Linux 4.10.0-40-generic
7 error argv "/usr/bin/nodejs" "/usr/bin/npm" "ls" "--depth" "0" "--json"
8 error node v4.2.6
9 error npm  v3.5.2
10 error code MODULE_NOT_FOUND
11 error Cannot find module 'ansi'
12 error If you need help, you may report this error at:
12 error     <https://github.com/npm/npm/issues>
13 verbose exit [ 1, true ]
